<?xml version="1.0" encoding="UTF-8"?>
<!-- Generated by org.testng.reporters.JUnitXMLReporter -->
<testsuite ignored="0" hostname="mech.local" failures="0" tests="1" name="Test" time="2.394" errors="0" timestamp="2021-01-09T15:18:13 GMT">
  <testcase classname="testzenlabs.general_information.General_Information" name="@BeforeMethod beforeMethod" time="2.232">
    <failure type="org.openqa.selenium.SessionNotCreatedException" message="session not created: This version of ChromeDriver only supports Chrome version 85
Build info: version: &amp;apos;3.141.59&amp;apos;, revision: &amp;apos;e82be7d358&amp;apos;, time: &amp;apos;2018-11-14T08:17:03&amp;apos;
System info: host: &amp;apos;mech.local&amp;apos;, ip: &amp;apos;2a02:8084:e83:6480:c50f:e6dd:7f1:afa6%en0&amp;apos;, os.name: &amp;apos;Mac OS X&amp;apos;, os.arch: &amp;apos;x86_64&amp;apos;, os.version: &amp;apos;10.13.6&amp;apos;, java.version: &amp;apos;10.0.2&amp;apos;
Driver info: driver.version: ChromeDriver
remote stacktrace: 0   chromedriver latest                 0x00000001011c91b9 chromedriver latest + 4911545
1   chromedriver latest                 0x0000000101168e03 chromedriver latest + 4517379
2   chromedriver latest                 0x0000000100dd6dc6 chromedriver latest + 773574
3   chromedriver latest                 0x0000000100d32452 chromedriver latest + 99410
4   chromedriver latest                 0x0000000100d2ed6f chromedriver latest + 85359
5   chromedriver latest                 0x0000000100d5d716 chromedriver latest + 276246
6   chromedriver latest                 0x0000000100d5a723 chromedriver latest + 263971
7   chromedriver latest                 0x0000000100d34720 chromedriver latest + 108320
8   chromedriver latest                 0x0000000100d35693 chromedriver latest + 112275
9   chromedriver latest                 0x0000000101191f72 chromedriver latest + 4685682
10  chromedriver latest                 0x000000010119fb3a chromedriver latest + 4741946
11  chromedriver latest                 0x000000010119f801 chromedriver latest + 4741121
12  chromedriver latest                 0x000000010117525e chromedriver latest + 4567646
13  chromedriver latest                 0x00000001011a0061 chromedriver latest + 4743265
14  chromedriver latest                 0x0000000101186d0a chromedriver latest + 4640010
15  chromedriver latest                 0x00000001011b90ba chromedriver latest + 4845754
16  chromedriver latest                 0x00000001011cf387 chromedriver latest + 4936583
17  libsystem_pthread.dylib             0x00007fff78a27661 _pthread_body + 340
18  libsystem_pthread.dylib             0x00007fff78a2750d _pthread_body + 0
19  libsystem_pthread.dylib             0x00007fff78a26bf9 thread_start + 13
">
      <![CDATA[org.openqa.selenium.SessionNotCreatedException: session not created: This version of ChromeDriver only supports Chrome version 85
Build info: version: '3.141.59', revision: 'e82be7d358', time: '2018-11-14T08:17:03'
System info: host: 'mech.local', ip: '2a02:8084:e83:6480:c50f:e6dd:7f1:afa6%en0', os.name: 'Mac OS X', os.arch: 'x86_64', os.version: '10.13.6', java.version: '10.0.2'
Driver info: driver.version: ChromeDriver
remote stacktrace: 0   chromedriver latest                 0x00000001011c91b9 chromedriver latest + 4911545
1   chromedriver latest                 0x0000000101168e03 chromedriver latest + 4517379
2   chromedriver latest                 0x0000000100dd6dc6 chromedriver latest + 773574
3   chromedriver latest                 0x0000000100d32452 chromedriver latest + 99410
4   chromedriver latest                 0x0000000100d2ed6f chromedriver latest + 85359
5   chromedriver latest                 0x0000000100d5d716 chromedriver latest + 276246
6   chromedriver latest                 0x0000000100d5a723 chromedriver latest + 263971
7   chromedriver latest                 0x0000000100d34720 chromedriver latest + 108320
8   chromedriver latest                 0x0000000100d35693 chromedriver latest + 112275
9   chromedriver latest                 0x0000000101191f72 chromedriver latest + 4685682
10  chromedriver latest                 0x000000010119fb3a chromedriver latest + 4741946
11  chromedriver latest                 0x000000010119f801 chromedriver latest + 4741121
12  chromedriver latest                 0x000000010117525e chromedriver latest + 4567646
13  chromedriver latest                 0x00000001011a0061 chromedriver latest + 4743265
14  chromedriver latest                 0x0000000101186d0a chromedriver latest + 4640010
15  chromedriver latest                 0x00000001011b90ba chromedriver latest + 4845754
16  chromedriver latest                 0x00000001011cf387 chromedriver latest + 4936583
17  libsystem_pthread.dylib             0x00007fff78a27661 _pthread_body + 340
18  libsystem_pthread.dylib             0x00007fff78a2750d _pthread_body + 0
19  libsystem_pthread.dylib             0x00007fff78a26bf9 thread_start + 13

at org.openqa.selenium.remote.W3CHandshakeResponse.lambda$errorHandler$0(W3CHandshakeResponse.java:62)
at org.openqa.selenium.remote.HandshakeResponse.lambda$getResponseFunction$0(HandshakeResponse.java:30)
at org.openqa.selenium.remote.ProtocolHandshake.lambda$createSession$0(ProtocolHandshake.java:126)
at java.base/java.util.stream.ReferencePipeline$3$1.accept(ReferencePipeline.java:195)
at java.base/java.util.Spliterators$ArraySpliterator.tryAdvance(Spliterators.java:958)
at java.base/java.util.stream.ReferencePipeline.forEachWithCancel(ReferencePipeline.java:127)
at java.base/java.util.stream.AbstractPipeline.copyIntoWithCancel(AbstractPipeline.java:502)
at java.base/java.util.stream.AbstractPipeline.copyInto(AbstractPipeline.java:488)
at java.base/java.util.stream.AbstractPipeline.wrapAndCopyInto(AbstractPipeline.java:474)
at java.base/java.util.stream.FindOps$FindOp.evaluateSequential(FindOps.java:150)
at java.base/java.util.stream.AbstractPipeline.evaluate(AbstractPipeline.java:234)
at java.base/java.util.stream.ReferencePipeline.findFirst(ReferencePipeline.java:543)
at org.openqa.selenium.remote.ProtocolHandshake.createSession(ProtocolHandshake.java:128)
at org.openqa.selenium.remote.ProtocolHandshake.createSession(ProtocolHandshake.java:74)
at org.openqa.selenium.remote.HttpCommandExecutor.execute(HttpCommandExecutor.java:136)
at org.openqa.selenium.remote.service.DriverCommandExecutor.execute(DriverCommandExecutor.java:83)
at org.openqa.selenium.remote.RemoteWebDriver.execute(RemoteWebDriver.java:552)
at org.openqa.selenium.remote.RemoteWebDriver.startSession(RemoteWebDriver.java:213)
at org.openqa.selenium.remote.RemoteWebDriver.<init>(RemoteWebDriver.java:131)
at org.openqa.selenium.chrome.ChromeDriver.<init>(ChromeDriver.java:181)
at org.openqa.selenium.chrome.ChromeDriver.<init>(ChromeDriver.java:168)
at org.openqa.selenium.chrome.ChromeDriver.<init>(ChromeDriver.java:123)
at testzenlabs.general_information.General_Information.beforeMethod(General_Information.java:27)
at java.base/java.util.ArrayList.forEach(ArrayList.java:1378)
... Removed 35 stack frames]]>
    </failure>
  </testcase> <!-- @BeforeMethod beforeMethod -->
  <testcase classname="testzenlabs.general_information.General_Information" name="@AfterMethod afterMethod" time="-1.61020549327E9">
    <skipped/>
  </testcase> <!-- @AfterMethod afterMethod -->
  <testcase classname="testzenlabs.general_information.General_Information" name="generalInformationTest" time="0.0">
    <skipped/>
  </testcase> <!-- generalInformationTest -->
</testsuite> <!-- Test -->
